2025-11-11 18:03:54 - IBE100 - ERROR - [logger.py:95] - Process SRT exited with code 1
2025-11-11 18:03:55 - IBE100 - ERROR - [logger.py:95] - Process HLS exited with code 1
2025-11-11 18:03:55 - IBE100 - ERROR - [logger.py:95] - Process DASH exited with code 1
2025-11-11 18:04:00 - IBE100 - ERROR - [logger.py:95] - Process SRT exited with code 1
2025-11-11 18:04:00 - IBE100 - ERROR - [logger.py:95] - Process HLS exited with code 1
2025-11-11 18:04:00 - IBE100 - ERROR - [logger.py:95] - Process DASH exited with code 1
2025-11-11 18:04:05 - IBE100 - ERROR - [logger.py:95] - Process SRT exited with code 1
2025-11-11 18:04:05 - IBE100 - ERROR - [logger.py:95] - Process HLS exited with code 1
2025-11-11 18:04:05 - IBE100 - ERROR - [logger.py:95] - Process DASH exited with code 1
2025-11-11 18:04:10 - IBE100 - ERROR - [logger.py:95] - Process SRT exited with code 1
2025-11-11 18:04:10 - IBE100 - ERROR - [logger.py:95] - Process HLS exited with code 1
2025-11-11 18:04:11 - IBE100 - ERROR - [logger.py:95] - Process DASH exited with code 1
2025-11-11 18:04:15 - IBE100 - ERROR - [logger.py:95] - Process SRT exited with code 1
2025-11-11 18:04:16 - IBE100 - ERROR - [logger.py:95] - Process HLS exited with code 1
2025-11-11 18:04:16 - IBE100 - ERROR - [logger.py:95] - Process DASH exited with code 1
2025-11-11 18:04:20 - IBE100 - ERROR - [logger.py:95] - Process SRT exited with code 1
2025-11-11 18:04:21 - IBE100 - ERROR - [logger.py:95] - Process HLS exited with code 1
2025-11-11 18:04:21 - IBE100 - ERROR - [logger.py:95] - Process DASH exited with code 1
2025-11-11 18:04:25 - IBE100 - ERROR - [logger.py:95] - Process SRT exited with code 1
2025-11-11 18:04:26 - IBE100 - ERROR - [logger.py:95] - Process HLS exited with code 1
2025-11-11 18:04:26 - IBE100 - ERROR - [logger.py:95] - Process DASH exited with code 1
2025-11-11 18:04:31 - IBE100 - ERROR - [logger.py:95] - Process SRT exited with code 1
2025-11-11 18:04:31 - IBE100 - ERROR - [logger.py:95] - Process HLS exited with code 1
2025-11-11 18:04:32 - IBE100 - ERROR - [logger.py:95] - Process DASH exited with code 1
2025-11-11 18:04:36 - IBE100 - ERROR - [logger.py:95] - Process SRT exited with code 1
2025-11-11 18:04:36 - IBE100 - ERROR - [logger.py:95] - Process HLS exited with code 1
2025-11-11 18:04:37 - IBE100 - ERROR - [logger.py:95] - Process DASH exited with code 1
2025-11-11 18:04:41 - IBE100 - ERROR - [logger.py:95] - Process SRT exited with code 1
2025-11-11 18:04:42 - IBE100 - ERROR - [logger.py:95] - Process HLS exited with code 1
2025-11-11 18:04:42 - IBE100 - ERROR - [logger.py:95] - Process DASH exited with code 1
2025-11-11 18:04:46 - IBE100 - ERROR - [logger.py:95] - Process SRT exited with code 1
2025-11-11 18:04:47 - IBE100 - ERROR - [logger.py:95] - Process HLS exited with code 1
2025-11-11 18:04:47 - IBE100 - ERROR - [logger.py:95] - Process DASH exited with code 1
2025-11-11 18:04:51 - IBE100 - ERROR - [logger.py:95] - Process SRT exited with code 1
2025-11-11 18:04:52 - IBE100 - ERROR - [logger.py:95] - Process HLS exited with code 1
2025-11-11 18:04:53 - IBE100 - ERROR - [logger.py:95] - Process DASH exited with code 1
2025-11-11 18:04:56 - IBE100 - ERROR - [logger.py:95] - Process SRT exited with code 1
2025-11-11 18:04:58 - IBE100 - ERROR - [logger.py:95] - Process HLS exited with code 1
2025-11-11 18:04:58 - IBE100 - ERROR - [logger.py:95] - Process DASH exited with code 1
2025-11-11 18:05:02 - IBE100 - ERROR - [logger.py:95] - Process SRT exited with code 1
2025-11-11 18:05:03 - IBE100 - ERROR - [logger.py:95] - Process HLS exited with code 1
2025-11-11 18:05:03 - IBE100 - ERROR - [logger.py:95] - Process DASH exited with code 1
2025-11-11 18:05:07 - IBE100 - ERROR - [logger.py:95] - Process SRT exited with code 1
2025-11-11 18:05:08 - IBE100 - ERROR - [logger.py:95] - Process HLS exited with code 1
2025-11-11 18:05:09 - IBE100 - ERROR - [logger.py:95] - Process DASH exited with code 1
2025-11-11 18:05:12 - IBE100 - ERROR - [logger.py:95] - Process SRT exited with code 1
2025-11-11 18:05:13 - IBE100 - ERROR - [logger.py:95] - Process HLS exited with code 1
2025-11-11 18:07:58 - IBE100 - ERROR - [logger.py:95] - Process SRT exited with code 1
2025-11-11 18:07:58 - IBE100 - ERROR - [logger.py:95] - Process HLS exited with code 1
2025-11-11 18:07:59 - IBE100 - ERROR - [logger.py:95] - Process DASH exited with code 1
2025-11-11 18:08:03 - IBE100 - ERROR - [logger.py:95] - Process SRT exited with code 1
2025-11-11 18:08:04 - IBE100 - ERROR - [logger.py:95] - Process HLS exited with code 1
2025-11-11 18:08:04 - IBE100 - ERROR - [logger.py:95] - Process DASH exited with code 1
2025-11-11 18:08:08 - IBE100 - ERROR - [logger.py:95] - Process SRT exited with code 1
2025-11-11 18:08:09 - IBE100 - ERROR - [logger.py:95] - Process HLS exited with code 1
2025-11-11 18:08:09 - IBE100 - ERROR - [logger.py:95] - Process DASH exited with code 1
2025-11-11 18:08:14 - IBE100 - ERROR - [logger.py:95] - Process SRT exited with code 1
2025-11-11 18:08:14 - IBE100 - ERROR - [logger.py:95] - Process HLS exited with code 1
2025-11-11 18:08:15 - IBE100 - ERROR - [logger.py:95] - Process DASH exited with code 1
2025-11-11 18:08:19 - IBE100 - ERROR - [logger.py:95] - Process SRT exited with code 1
2025-11-11 18:08:20 - IBE100 - ERROR - [logger.py:95] - Process HLS exited with code 1
2025-11-11 18:08:20 - IBE100 - ERROR - [logger.py:95] - Process DASH exited with code 1
2025-11-11 18:08:24 - IBE100 - ERROR - [logger.py:95] - Process SRT exited with code 1
2025-11-11 18:08:25 - IBE100 - ERROR - [logger.py:95] - Process HLS exited with code 1
2025-11-11 18:08:25 - IBE100 - ERROR - [logger.py:95] - Process DASH exited with code 1
2025-11-11 18:08:29 - IBE100 - ERROR - [logger.py:95] - Process SRT exited with code 1
2025-11-11 18:08:30 - IBE100 - ERROR - [logger.py:95] - Process HLS exited with code 1
2025-11-11 18:08:30 - IBE100 - ERROR - [logger.py:95] - Process DASH exited with code 1
2025-11-11 18:08:34 - IBE100 - ERROR - [logger.py:95] - Process SRT exited with code 1
2025-11-11 18:08:35 - IBE100 - ERROR - [logger.py:95] - Process HLS exited with code 1
2025-11-11 18:08:35 - IBE100 - ERROR - [logger.py:95] - Process DASH exited with code 1
2025-11-11 18:08:40 - IBE100 - ERROR - [logger.py:95] - Process SRT exited with code 1
2025-11-11 18:08:40 - IBE100 - ERROR - [logger.py:95] - Process HLS exited with code 1
2025-11-11 18:08:41 - IBE100 - ERROR - [logger.py:95] - Process DASH exited with code 1
2025-11-11 18:08:45 - IBE100 - ERROR - [logger.py:95] - Process SRT exited with code 1
2025-11-11 18:08:46 - IBE100 - ERROR - [logger.py:95] - Process HLS exited with code 1
2025-11-11 18:08:46 - IBE100 - ERROR - [logger.py:95] - Process DASH exited with code 1
2025-11-11 18:08:50 - IBE100 - ERROR - [logger.py:95] - Process SRT exited with code 1
2025-11-11 18:08:51 - IBE100 - ERROR - [logger.py:95] - Process HLS exited with code 1
2025-11-11 18:08:51 - IBE100 - ERROR - [logger.py:95] - Process DASH exited with code 1
2025-11-11 18:08:55 - IBE100 - ERROR - [logger.py:95] - Process SRT exited with code 1
2025-11-11 18:08:56 - IBE100 - ERROR - [logger.py:95] - Process HLS exited with code 1
2025-11-11 18:08:56 - IBE100 - ERROR - [logger.py:95] - Process DASH exited with code 1
2025-11-11 18:09:00 - IBE100 - ERROR - [logger.py:95] - Process SRT exited with code 1
2025-11-11 18:09:01 - IBE100 - ERROR - [logger.py:95] - Process HLS exited with code 1
2025-11-11 18:09:02 - IBE100 - ERROR - [logger.py:95] - Process DASH exited with code 1
2025-11-11 18:09:05 - IBE100 - ERROR - [logger.py:95] - Process SRT exited with code 1
2025-11-11 18:09:07 - IBE100 - ERROR - [logger.py:95] - Process HLS exited with code 1
2025-11-11 18:09:07 - IBE100 - ERROR - [logger.py:95] - Process DASH exited with code 1
2025-11-11 18:09:10 - IBE100 - ERROR - [logger.py:95] - Process SRT exited with code 1
2025-11-11 18:09:12 - IBE100 - ERROR - [logger.py:95] - Process HLS exited with code 1
2025-11-11 18:09:12 - IBE100 - ERROR - [logger.py:95] - Process DASH exited with code 1
2025-11-11 18:09:15 - IBE100 - ERROR - [logger.py:95] - Process SRT exited with code 1
2025-11-11 18:09:17 - IBE100 - ERROR - [logger.py:95] - Process HLS exited with code 1
2025-11-11 18:09:17 - IBE100 - ERROR - [logger.py:95] - Process DASH exited with code 1
2025-11-11 18:09:21 - IBE100 - ERROR - [logger.py:95] - Process SRT exited with code 1
2025-11-11 18:09:22 - IBE100 - ERROR - [logger.py:95] - Process HLS exited with code 1
2025-11-11 18:09:23 - IBE100 - ERROR - [logger.py:95] - Process DASH exited with code 1
2025-11-11 18:09:26 - IBE100 - ERROR - [logger.py:95] - Process SRT exited with code 1
2025-11-11 18:09:28 - IBE100 - ERROR - [logger.py:95] - Process HLS exited with code 1
2025-11-11 18:09:28 - IBE100 - ERROR - [logger.py:95] - Process DASH exited with code 1
2025-11-11 18:09:31 - IBE100 - ERROR - [logger.py:95] - Process SRT exited with code 1
2025-11-11 18:09:33 - IBE100 - ERROR - [logger.py:95] - Process HLS exited with code 1
2025-11-11 18:09:33 - IBE100 - ERROR - [logger.py:95] - Process DASH exited with code 1
2025-11-11 18:09:36 - IBE100 - ERROR - [logger.py:95] - Process SRT exited with code 1
2025-11-11 18:09:38 - IBE100 - ERROR - [logger.py:95] - Process HLS exited with code 1
2025-11-11 18:09:38 - IBE100 - ERROR - [logger.py:95] - Process DASH exited with code 1
2025-11-11 18:09:41 - IBE100 - ERROR - [logger.py:95] - Process SRT exited with code 1
2025-11-11 18:09:43 - IBE100 - ERROR - [logger.py:95] - Process HLS exited with code 1
2025-11-11 18:09:44 - IBE100 - ERROR - [logger.py:95] - Process DASH exited with code 1
2025-11-11 18:09:46 - IBE100 - ERROR - [logger.py:95] - Process SRT exited with code 1
2025-11-11 18:09:49 - IBE100 - ERROR - [logger.py:95] - Process HLS exited with code 1
2025-11-11 18:09:49 - IBE100 - ERROR - [logger.py:95] - Process DASH exited with code 1
2025-11-11 18:09:52 - IBE100 - ERROR - [logger.py:95] - Process SRT exited with code 1
2025-11-11 18:09:54 - IBE100 - ERROR - [logger.py:95] - Process HLS exited with code 1
2025-11-11 18:09:54 - IBE100 - ERROR - [logger.py:95] - Process DASH exited with code 1
2025-11-11 18:09:57 - IBE100 - ERROR - [logger.py:95] - Process SRT exited with code 1
2025-11-11 18:09:59 - IBE100 - ERROR - [logger.py:95] - Process HLS exited with code 1
2025-11-11 18:10:00 - IBE100 - ERROR - [logger.py:95] - Process DASH exited with code 1
2025-11-11 18:10:02 - IBE100 - ERROR - [logger.py:95] - Process SRT exited with code 1
2025-11-11 18:10:05 - IBE100 - ERROR - [logger.py:95] - Process HLS exited with code 1
2025-11-11 18:10:05 - IBE100 - ERROR - [logger.py:95] - Process DASH exited with code 1
2025-11-11 18:10:07 - IBE100 - ERROR - [logger.py:95] - Process SRT exited with code 1
2025-11-11 18:10:10 - IBE100 - ERROR - [logger.py:95] - Process HLS exited with code 1
2025-11-11 18:10:10 - IBE100 - ERROR - [logger.py:95] - Process DASH exited with code 1
2025-11-11 18:10:12 - IBE100 - ERROR - [logger.py:95] - Process SRT exited with code 1
2025-11-11 18:10:15 - IBE100 - ERROR - [logger.py:95] - Process HLS exited with code 1
2025-11-11 18:10:16 - IBE100 - ERROR - [logger.py:95] - Process DASH exited with code 1
2025-11-11 18:10:18 - IBE100 - ERROR - [logger.py:95] - Process SRT exited with code 1
2025-11-11 18:10:20 - IBE100 - ERROR - [logger.py:95] - Process HLS exited with code 1
2025-11-11 18:10:21 - IBE100 - ERROR - [logger.py:95] - Process DASH exited with code 1
2025-11-11 18:10:23 - IBE100 - ERROR - [logger.py:95] - Process SRT exited with code 1
2025-11-11 18:10:26 - IBE100 - ERROR - [logger.py:95] - Process HLS exited with code 1
2025-11-11 18:10:26 - IBE100 - ERROR - [logger.py:95] - Process DASH exited with code 1
2025-11-11 18:10:28 - IBE100 - ERROR - [logger.py:95] - Process SRT exited with code 1
2025-11-11 18:10:31 - IBE100 - ERROR - [logger.py:95] - Process HLS exited with code 1
2025-11-11 18:10:31 - IBE100 - ERROR - [logger.py:95] - Process DASH exited with code 1
2025-11-11 18:10:33 - IBE100 - ERROR - [logger.py:95] - Process SRT exited with code 1
2025-11-11 18:10:36 - IBE100 - ERROR - [logger.py:95] - Process HLS exited with code 1
2025-11-11 18:10:37 - IBE100 - ERROR - [logger.py:95] - Process DASH exited with code 1
2025-11-11 18:10:39 - IBE100 - ERROR - [logger.py:95] - Process SRT exited with code 1
2025-11-11 18:10:41 - IBE100 - ERROR - [logger.py:95] - Process HLS exited with code 1
2025-11-11 18:10:42 - IBE100 - ERROR - [logger.py:95] - Process DASH exited with code 1
2025-11-11 18:10:44 - IBE100 - ERROR - [logger.py:95] - Process SRT exited with code 1
2025-11-11 18:10:47 - IBE100 - ERROR - [logger.py:95] - Process HLS exited with code 1
2025-11-11 18:10:47 - IBE100 - ERROR - [logger.py:95] - Process DASH exited with code 1
2025-11-11 18:10:49 - IBE100 - ERROR - [logger.py:95] - Process SRT exited with code 1
2025-11-11 18:10:52 - IBE100 - ERROR - [logger.py:95] - Process HLS exited with code 1
2025-11-11 18:10:53 - IBE100 - ERROR - [logger.py:95] - Process DASH exited with code 1
2025-11-11 18:10:54 - IBE100 - ERROR - [logger.py:95] - Process SRT exited with code 1
2025-11-11 18:10:57 - IBE100 - ERROR - [logger.py:95] - Process HLS exited with code 1
2025-11-11 18:10:58 - IBE100 - ERROR - [logger.py:95] - Process DASH exited with code 1
2025-11-11 18:10:59 - IBE100 - ERROR - [logger.py:95] - Process SRT exited with code 1
2025-11-11 18:11:03 - IBE100 - ERROR - [logger.py:95] - Process HLS exited with code 1
2025-11-11 18:11:03 - IBE100 - ERROR - [logger.py:95] - Process DASH exited with code 1
2025-11-11 18:11:04 - IBE100 - ERROR - [logger.py:95] - Process SRT exited with code 1
2025-11-11 18:11:08 - IBE100 - ERROR - [logger.py:95] - Process HLS exited with code 1
2025-11-11 18:11:08 - IBE100 - ERROR - [logger.py:95] - Process DASH exited with code 1
2025-11-11 18:11:10 - IBE100 - ERROR - [logger.py:95] - Process SRT exited with code 1
2025-11-11 18:11:13 - IBE100 - ERROR - [logger.py:95] - Process HLS exited with code 1
2025-11-11 18:11:14 - IBE100 - ERROR - [logger.py:95] - Process DASH exited with code 1
2025-11-11 18:11:15 - IBE100 - ERROR - [logger.py:95] - Process SRT exited with code 1
2025-11-11 18:11:18 - IBE100 - ERROR - [logger.py:95] - Process HLS exited with code 1
2025-11-11 18:11:19 - IBE100 - ERROR - [logger.py:95] - Process DASH exited with code 1
2025-11-11 18:11:20 - IBE100 - ERROR - [logger.py:95] - Process SRT exited with code 1
2025-11-11 18:11:24 - IBE100 - ERROR - [logger.py:95] - Process HLS exited with code 1
2025-11-11 18:11:24 - IBE100 - ERROR - [logger.py:95] - Process DASH exited with code 1
2025-11-11 18:11:25 - IBE100 - ERROR - [logger.py:95] - Process SRT exited with code 1
2025-11-11 18:11:29 - IBE100 - ERROR - [logger.py:95] - Process HLS exited with code 1
2025-11-11 18:11:29 - IBE100 - ERROR - [logger.py:95] - Process DASH exited with code 1
2025-11-11 18:11:30 - IBE100 - ERROR - [logger.py:95] - Process SRT exited with code 1
2025-11-11 18:11:34 - IBE100 - ERROR - [logger.py:95] - Process HLS exited with code 1
2025-11-11 18:11:35 - IBE100 - ERROR - [logger.py:95] - Process DASH exited with code 1
2025-11-11 18:11:35 - IBE100 - ERROR - [logger.py:95] - Process SRT exited with code 1
2025-11-11 18:11:39 - IBE100 - ERROR - [logger.py:95] - Process HLS exited with code 1
2025-11-11 18:11:40 - IBE100 - ERROR - [logger.py:95] - Process DASH exited with code 1
2025-11-11 18:11:41 - IBE100 - ERROR - [logger.py:95] - Process SRT exited with code 1
2025-11-11 18:11:45 - IBE100 - ERROR - [logger.py:95] - Process HLS exited with code 1
2025-11-11 18:11:45 - IBE100 - ERROR - [logger.py:95] - Process DASH exited with code 1
2025-11-11 18:11:46 - IBE100 - ERROR - [logger.py:95] - Process SRT exited with code 1
2025-11-11 18:11:50 - IBE100 - ERROR - [logger.py:95] - Process HLS exited with code 1
2025-11-11 18:11:50 - IBE100 - ERROR - [logger.py:95] - Process DASH exited with code 1
2025-11-11 18:11:51 - IBE100 - ERROR - [logger.py:95] - Process SRT exited with code 1
2025-11-11 18:11:55 - IBE100 - ERROR - [logger.py:95] - Process HLS exited with code 1
2025-11-11 18:11:56 - IBE100 - ERROR - [logger.py:95] - Process DASH exited with code 1
2025-11-11 18:11:56 - IBE100 - ERROR - [logger.py:95] - Process SRT exited with code 1
2025-11-11 18:12:00 - IBE100 - ERROR - [logger.py:95] - Process HLS exited with code 1
2025-11-11 18:12:01 - IBE100 - ERROR - [logger.py:95] - Process DASH exited with code 1
2025-11-11 18:12:01 - IBE100 - ERROR - [logger.py:95] - Process SRT exited with code 1
2025-11-11 18:12:06 - IBE100 - ERROR - [logger.py:95] - Process HLS exited with code 1
2025-11-11 18:12:06 - IBE100 - ERROR - [logger.py:95] - Process DASH exited with code 1
2025-11-11 18:12:06 - IBE100 - ERROR - [logger.py:95] - Process SRT exited with code 1
2025-11-11 18:12:11 - IBE100 - ERROR - [logger.py:95] - Process HLS exited with code 1
2025-11-11 18:12:11 - IBE100 - ERROR - [logger.py:95] - Process DASH exited with code 1
2025-11-11 18:12:11 - IBE100 - ERROR - [logger.py:95] - Process SRT exited with code 1
2025-11-11 18:12:16 - IBE100 - ERROR - [logger.py:95] - Process HLS exited with code 1
2025-11-11 18:12:17 - IBE100 - ERROR - [logger.py:95] - Process SRT exited with code 1
2025-11-11 18:12:17 - IBE100 - ERROR - [logger.py:95] - Process DASH exited with code 1
2025-11-11 18:12:21 - IBE100 - ERROR - [logger.py:95] - Process HLS exited with code 1
2025-11-11 18:12:22 - IBE100 - ERROR - [logger.py:95] - Process SRT exited with code 1
2025-11-11 18:12:22 - IBE100 - ERROR - [logger.py:95] - Process DASH exited with code 1
2025-11-11 18:12:27 - IBE100 - ERROR - [logger.py:95] - Process HLS exited with code 1
2025-11-11 18:12:27 - IBE100 - ERROR - [logger.py:95] - Process SRT exited with code 1
2025-11-11 18:12:27 - IBE100 - ERROR - [logger.py:95] - Process DASH exited with code 1
2025-11-11 18:12:32 - IBE100 - ERROR - [logger.py:95] - Process HLS exited with code 1
2025-11-11 18:12:32 - IBE100 - ERROR - [logger.py:95] - Process SRT exited with code 1
2025-11-11 18:12:32 - IBE100 - ERROR - [logger.py:95] - Process DASH exited with code 1
2025-11-11 18:12:37 - IBE100 - ERROR - [logger.py:95] - Process SRT exited with code 1
2025-11-11 18:12:37 - IBE100 - ERROR - [logger.py:95] - Process HLS exited with code 1
2025-11-11 18:12:38 - IBE100 - ERROR - [logger.py:95] - Process DASH exited with code 1
2025-11-11 18:12:42 - IBE100 - ERROR - [logger.py:95] - Process SRT exited with code 1
2025-11-11 18:12:42 - IBE100 - ERROR - [logger.py:95] - Process HLS exited with code 1
2025-11-11 18:12:43 - IBE100 - ERROR - [logger.py:95] - Process DASH exited with code 1
2025-11-11 18:12:47 - IBE100 - ERROR - [logger.py:95] - Process SRT exited with code 1
2025-11-11 18:12:48 - IBE100 - ERROR - [logger.py:95] - Process HLS exited with code 1
2025-11-11 18:12:48 - IBE100 - ERROR - [logger.py:95] - Process DASH exited with code 1
2025-11-11 18:12:53 - IBE100 - ERROR - [logger.py:95] - Process SRT exited with code 1
2025-11-11 18:12:53 - IBE100 - ERROR - [logger.py:95] - Process HLS exited with code 1
2025-11-11 18:12:53 - IBE100 - ERROR - [logger.py:95] - Process DASH exited with code 1
2025-11-11 18:12:58 - IBE100 - ERROR - [logger.py:95] - Process SRT exited with code 1
2025-11-11 18:12:58 - IBE100 - ERROR - [logger.py:95] - Process HLS exited with code 1
2025-11-11 18:12:59 - IBE100 - ERROR - [logger.py:95] - Process DASH exited with code 1
2025-11-11 18:13:03 - IBE100 - ERROR - [logger.py:95] - Process SRT exited with code 1
2025-11-11 18:13:03 - IBE100 - ERROR - [logger.py:95] - Process HLS exited with code 1
2025-11-11 18:13:04 - IBE100 - ERROR - [logger.py:95] - Process DASH exited with code 1
2025-11-11 18:13:08 - IBE100 - ERROR - [logger.py:95] - Process SRT exited with code 1
2025-11-11 18:13:09 - IBE100 - ERROR - [logger.py:95] - Process HLS exited with code 1
2025-11-11 18:13:09 - IBE100 - ERROR - [logger.py:95] - Process DASH exited with code 1
2025-11-11 18:13:13 - IBE100 - ERROR - [logger.py:95] - Process SRT exited with code 1
2025-11-11 18:13:14 - IBE100 - ERROR - [logger.py:95] - Process HLS exited with code 1
2025-11-11 18:13:14 - IBE100 - ERROR - [logger.py:95] - Process DASH exited with code 1
2025-11-11 18:13:18 - IBE100 - ERROR - [logger.py:95] - Process SRT exited with code 1
2025-11-11 18:13:19 - IBE100 - ERROR - [logger.py:95] - Process HLS exited with code 1
2025-11-11 18:13:20 - IBE100 - ERROR - [logger.py:95] - Process DASH exited with code 1
2025-11-11 18:13:24 - IBE100 - ERROR - [logger.py:95] - Process SRT exited with code 1
2025-11-11 18:13:24 - IBE100 - ERROR - [logger.py:95] - Process HLS exited with code 1
2025-11-11 18:13:25 - IBE100 - ERROR - [logger.py:95] - Process DASH exited with code 1
2025-11-11 18:13:29 - IBE100 - ERROR - [logger.py:95] - Process SRT exited with code 1
2025-11-11 18:13:30 - IBE100 - ERROR - [logger.py:95] - Process HLS exited with code 1
2025-11-11 18:13:30 - IBE100 - ERROR - [logger.py:95] - Process DASH exited with code 1
2025-11-11 18:13:34 - IBE100 - ERROR - [logger.py:95] - Process SRT exited with code 1
2025-11-11 18:13:35 - IBE100 - ERROR - [logger.py:95] - Process HLS exited with code 1
2025-11-11 18:13:36 - IBE100 - ERROR - [logger.py:95] - Process DASH exited with code 1
2025-11-11 18:13:39 - IBE100 - ERROR - [logger.py:95] - Process SRT exited with code 1
2025-11-11 18:13:40 - IBE100 - ERROR - [logger.py:95] - Process HLS exited with code 1
2025-11-11 18:13:41 - IBE100 - ERROR - [logger.py:95] - Process DASH exited with code 1
2025-11-11 18:13:44 - IBE100 - ERROR - [logger.py:95] - Process SRT exited with code 1
2025-11-11 18:13:46 - IBE100 - ERROR - [logger.py:95] - Process HLS exited with code 1
2025-11-11 18:13:46 - IBE100 - ERROR - [logger.py:95] - Process DASH exited with code 1
2025-11-11 18:13:50 - IBE100 - ERROR - [logger.py:95] - Process SRT exited with code 1
2025-11-11 18:13:51 - IBE100 - ERROR - [logger.py:95] - Error getting stream status: dictionary changed size during iteration
Traceback (most recent call last):
  File "E:\NEW DOWNLOADS\Enc-100\Encoder-100\IBE-100_v3.0_ENTERPRISE\src\api\server.py", line 122, in get_stream_status
    if not self.stream_service:
             ^^^^^^^^^^^^^^^^^^
  File "E:\NEW DOWNLOADS\Enc-100\Encoder-100\IBE-100_v3.0_ENTERPRISE\src\services\stream_service.py", line 161, in get_stream_status
    for ot in self.active_streams.keys():
              ~~~~~~~~~~~~~~~~~~~~~~~~^^
RuntimeError: dictionary changed size during iteration
2025-11-11 18:13:51 - IBE100 - ERROR - [logger.py:95] - Process HLS exited with code 1
2025-11-11 18:39:49 - IBE100 - ERROR - [logger.py:95] - Process SRT exited with code 1
2025-11-11 18:39:54 - IBE100 - ERROR - [logger.py:95] - Process SRT exited with code 1
2025-11-14 15:00:04 - IBE100 - ERROR - [logger.py:95] - Process SRT exited with code 1
2025-11-14 15:00:09 - IBE100 - ERROR - [logger.py:95] - Process SRT exited with code 1
2025-11-14 15:00:14 - IBE100 - ERROR - [logger.py:95] - Process SRT exited with code 1
2025-11-14 15:00:19 - IBE100 - ERROR - [logger.py:95] - Process SRT exited with code 1
2025-11-14 15:00:24 - IBE100 - ERROR - [logger.py:95] - Process SRT exited with code 1
2025-11-14 15:00:29 - IBE100 - ERROR - [logger.py:95] - Process SRT exited with code 1
2025-11-14 15:00:35 - IBE100 - ERROR - [logger.py:95] - Process SRT exited with code 1
2025-11-14 15:00:40 - IBE100 - ERROR - [logger.py:95] - Process SRT exited with code 1
2025-11-14 15:00:45 - IBE100 - ERROR - [logger.py:95] - Process SRT exited with code 1
2025-11-14 17:00:48 - IBE100 - ERROR - [logger.py:95] - Process SRT exited with code 1
2025-11-14 17:06:45 - IBE100 - ERROR - [logger.py:95] - Process SRT exited with code 1
